\BOOKMARK [1][-]{section.1}{\376\377\000Z\000a\000d\000a\000n\000i\000e}{}% 1
\BOOKMARK [2][-]{subsection.1.1}{\376\377\000B\000o\000n\000u\000s\000o\000v\000\351\000\040\000\372\000l\000o\000h\000y}{section.1}% 2
\BOOKMARK [1][-]{section.2}{\376\377\000P\000o\000p\000i\000s\000\040\000a\000\040\000r\000o\000z\000b\000o\000r\000\040\000p\000r\000o\000b\000l\000\351\000m\000u}{}% 3
\BOOKMARK [1][-]{section.3}{\376\377\000P\000o\000p\000i\000s\000\040\000p\000o\000u\001\176\000i\000t\000\375\000c\000h\000\040\000a\000l\000g\000o\000r\000i\000t\000m\000o\000v}{}% 4
\BOOKMARK [2][-]{subsection.3.1}{\376\377\000R\000a\000y\000\040\000C\000r\000o\000s\000s\000i\000n\000g\000\040\000A\000l\000g\000o\000r\000i\000t\000h\000m}{section.3}% 5
\BOOKMARK [3][-]{subsubsection.3.1.1}{\376\377\000P\000r\000o\000b\000l\000e\000m\000a\000t\000i\000c\000k\000\351\000\040\000s\000i\000t\000u\000\341\000c\000i\000e}{subsection.3.1}% 6
\BOOKMARK [3][-]{subsubsection.3.1.2}{\376\377\000I\000m\000p\000l\000e\000m\000e\000n\000t\000\341\000c\000i\000a\000\040\000m\000e\000t\000\363\000d\000y}{subsection.3.1}% 7
\BOOKMARK [2][-]{subsection.3.2}{\376\377\000W\000i\000n\000d\000i\000n\000g\000\040\000N\000u\000m\000b\000e\000r\000\040\000A\000l\000g\000o\000r\000i\000t\000h\000m}{section.3}% 8
\BOOKMARK [3][-]{subsubsection.3.2.1}{\376\377\000P\000r\000o\000b\000l\000e\000m\000a\000t\000i\000c\000k\000\351\000\040\000s\000i\000t\000u\000\341\000c\000i\000e}{subsection.3.2}% 9
\BOOKMARK [3][-]{subsubsection.3.2.2}{\376\377\000I\000m\000p\000l\000e\000m\000e\000n\000t\000\341\000c\000i\000a\000\040\000m\000e\000t\000\363\000d\000y}{subsection.3.2}% 10
\BOOKMARK [1][-]{section.4}{\376\377\000V\000s\000t\000u\000p\000n\000\351\000\040\000d\000\341\000t\000a}{}% 11
\BOOKMARK [2][-]{subsection.4.1}{\376\377\000P\000o\000l\000y\000g\000\363\000n\000o\000v\000\341\000\040\000m\000a\000p\000a}{section.4}% 12
\BOOKMARK [2][-]{subsection.4.2}{\376\377\000B\000o\000d\000\040\000q}{section.4}% 13
\BOOKMARK [1][-]{section.5}{\376\377\000U\000k\000\341\001\176\000k\000a\000\040\000v\000y\000t\000v\000o\000r\000e\000n\000e\000j\000\040\000a\000p\000l\000i\000k\000\341\000c\000i\000e}{}% 14
\BOOKMARK [1][-]{section.6}{\376\377\000V\000\375\000s\000l\000e\000d\000o\000k\000\040\000a\000n\000a\000l\000\375\000z\000y}{}% 15
\BOOKMARK [1][-]{section.7}{\376\377\000D\000o\000k\000u\000m\000e\000n\000t\000\341\000c\000i\000a}{}% 16
\BOOKMARK [2][-]{subsection.7.1}{\376\377\000T\000r\000i\000e\000d\000a\000\040\000A\000l\000g\000o\000r\000i\000t\000h\000m\000s}{section.7}% 17
\BOOKMARK [3][-]{subsubsection.7.1.1}{\376\377\000M\000e\000t\000\363\000d\000y}{subsection.7.1}% 18
\BOOKMARK [2][-]{subsection.7.2}{\376\377\000T\000r\000i\000e\000d\000a\000\040\000D\000r\000a\000w}{section.7}% 19
\BOOKMARK [3][-]{subsubsection.7.2.1}{\376\377\001\014\000l\000e\000n\000s\000k\000\351\000\040\000p\000r\000e\000m\000e\000n\000n\000\351}{subsection.7.2}% 20
\BOOKMARK [3][-]{subsubsection.7.2.2}{\376\377\000M\000e\000t\000\363\000d\000y}{subsection.7.2}% 21
\BOOKMARK [2][-]{subsection.7.3}{\376\377\000T\000r\000i\000e\000d\000a\000\040\000W\000i\000d\000g\000e\000t}{section.7}% 22
\BOOKMARK [3][-]{subsubsection.7.3.1}{\376\377\000M\000e\000t\000\363\000d\000y}{subsection.7.3}% 23
\BOOKMARK [1][-]{section.8}{\376\377\000Z\000\341\000v\000e\000r}{}% 24
